[20:28:48] [ServerMain/INFO]: Environment: Environment[sessionHost=https://sessionserver.mojang.com, servicesHost=https://api.minecraftservices.com, name=PROD]
[20:28:48] [ServerMain/WARN]: Missing data pack paper
[20:28:50] [ServerMain/INFO]: Loaded 1290 recipes
[20:28:50] [ServerMain/INFO]: Loaded 1399 advancements
[20:28:51] [Server thread/INFO]: Starting minecraft server version 1.21
[20:28:51] [Server thread/INFO]: Loading properties
[20:28:51] [Server thread/INFO]: Default game type: SURVIVAL
[20:28:51] [Server thread/INFO]: Generating keypair
[20:28:51] [Server thread/INFO]: Starting Minecraft server on *:25565
[20:28:51] [Server thread/INFO]: Using epoll channel type
[20:28:51] [Server thread/INFO]: Preparing level "world"
[20:28:54] [Server thread/INFO]: Preparing start region for dimension minecraft:overworld
[20:28:54] [Worker-Main-3/INFO]: Preparing spawn area: 0%
[20:28:55] [Worker-Main-1/INFO]: Preparing spawn area: 0%
[20:28:56] [Worker-Main-1/INFO]: Preparing spawn area: 0%
[20:28:56] [Worker-Main-1/INFO]: Preparing spawn area: 0%
[20:28:56] [Worker-Main-1/INFO]: Preparing spawn area: 0%
[20:28:57] [Worker-Main-1/INFO]: Preparing spawn area: 0%
[20:28:58] [Worker-Main-2/INFO]: Preparing spawn area: 0%
[20:28:58] [Worker-Main-2/INFO]: Preparing spawn area: 0%
[20:28:58] [Worker-Main-2/INFO]: Preparing spawn area: 0%
[20:28:59] [Worker-Main-2/INFO]: Preparing spawn area: 0%
[20:28:59] [Worker-Main-2/INFO]: Preparing spawn area: 0%
[20:29:00] [Worker-Main-3/INFO]: Preparing spawn area: 4%
[20:29:00] [Worker-Main-1/INFO]: Preparing spawn area: 4%
[20:29:01] [Worker-Main-1/INFO]: Preparing spawn area: 18%
[20:29:01] [Worker-Main-2/INFO]: Preparing spawn area: 46%
[20:29:02] [Worker-Main-1/INFO]: Preparing spawn area: 61%
[20:29:02] [Worker-Main-2/INFO]: Preparing spawn area: 61%
[20:29:02] [Server thread/INFO]: Time elapsed: 8119 ms
[20:29:02] [Server thread/INFO]: Done (11.443s)! For help, type "help"
[20:31:55] [User Authenticator #1/INFO]: UUID of player xALEX26x is 065d29b2-62d8-4b7e-8640-43d24c83ab35
[20:31:57] [Server thread/INFO]: xALEX26x[/127.154.93.155:42845] logged in with entity id 33 at (-268.3247465044897, 33.0, -797.9975876721985)
[20:31:57] [Server thread/INFO]: xALEX26x joined the game
[20:32:08] [Server thread/INFO]: xALEX26x lost connection: Disconnected
[20:32:08] [Server thread/INFO]: xALEX26x left the game
[20:32:13] [Server thread/INFO]: Stopping the server
[20:32:13] [Server thread/INFO]: Stopping server
[20:32:13] [Server thread/INFO]: Saving players
[20:32:13] [Server thread/INFO]: Saving worlds
[20:32:13] [Server thread/INFO]: Saving chunks for level 'ServerLevel[world]'/minecraft:overworld
[20:32:25] [Server thread/INFO]: Saving chunks for level 'ServerLevel[world]'/minecraft:the_end
[20:32:25] [Server thread/INFO]: Saving chunks for level 'ServerLevel[world]'/minecraft:the_nether
[20:32:25] [Server thread/INFO]: ThreadedAnvilChunkStorage (world): All chunks are saved
[20:32:25] [Server thread/INFO]: ThreadedAnvilChunkStorage (DIM1): All chunks are saved
[20:32:25] [Server thread/INFO]: ThreadedAnvilChunkStorage (DIM-1): All chunks are saved
[20:32:25] [Server thread/INFO]: ThreadedAnvilChunkStorage: All dimensions are saved
